<?xml version="1.0" encoding="UTF-8"?>
<testng-results ignored="0" total="1" passed="1" failed="0" skipped="0">
  <reporter-output>
  </reporter-output>
  <suite started-at="2022-04-10T10:20:23 IST" name="Default suite" finished-at="2022-04-10T10:20:23 IST" duration-ms="167">
    <groups>
    </groups>
    <test started-at="2022-04-10T10:20:23 IST" name="Default test" finished-at="2022-04-10T10:20:23 IST" duration-ms="167">
      <class name="git.practice.prac.Demo">
        <test-method signature="m1()[pri:0, instance:git.practice.prac.Demo@4e268090]" started-at="2022-04-10T10:20:23 IST" name="m1" finished-at="2022-04-10T10:20:23 IST" duration-ms="25" status="PASS">
          <reporter-output>
          </reporter-output>
        </test-method> <!-- m1 -->
      </class> <!-- git.practice.prac.Demo -->
    </test> <!-- Default test -->
  </suite> <!-- Default suite -->
</testng-results>
